<?xml version="1.0" encoding="UTF-8"?>
<testsuite name="com.linuxacademy.ccdak.testing.MyStreamsTest" tests="1" skipped="0" failures="0" errors="0" timestamp="2020-10-03T14:47:08" hostname="DESKTOP-N3ROL9Q" time="0.138">
  <properties/>
  <testcase name="test_first_name" classname="com.linuxacademy.ccdak.testing.MyStreamsTest" time="0.138"/>
  <system-out><![CDATA[]]></system-out>
  <system-err><![CDATA[]]></system-err>
</testsuite>
