<?xml version="1.0" encoding="UTF-8"?>
<testsuite name="com.linuxacademy.ccdak.testing.MyProducerTest" tests="1" skipped="0" failures="0" errors="0" timestamp="2020-10-03T14:47:08" hostname="DESKTOP-N3ROL9Q" time="0.03">
  <properties/>
  <testcase name="testPublishRecord_sent_data" classname="com.linuxacademy.ccdak.testing.MyProducerTest" time="0.03"/>
  <system-out><![CDATA[]]></system-out>
  <system-err><![CDATA[]]></system-err>
</testsuite>
