<?xml version="1.0" encoding="UTF-8"?>
<testsuite name="com.linuxacademy.ccdak.testing.MyConsumerTest" tests="1" skipped="0" failures="0" errors="0" timestamp="2020-10-03T14:47:08" hostname="DESKTOP-N3ROL9Q" time="0.195">
  <properties/>
  <testcase name="testHandleRecords_output" classname="com.linuxacademy.ccdak.testing.MyConsumerTest" time="0.195"/>
  <system-out><![CDATA[]]></system-out>
  <system-err><![CDATA[SLF4J: Failed to load class "org.slf4j.impl.StaticLoggerBinder".
SLF4J: Defaulting to no-operation (NOP) logger implementation
SLF4J: See http://www.slf4j.org/codes.html#StaticLoggerBinder for further details.
]]></system-err>
</testsuite>
